Arguments: 
  /usr/local/Cellar/node@8/8.12.0/bin/node /usr/local/Cellar/yarn/1.10.1/libexec/bin/yarn.js add axiosbluebirdmongodbeosjs@16eosjs-eccrestifyrestify-cors-middlewarebabel-corebabel-preset-envbabel-plugin-transform-builtin-extend

PATH: 
  /usr/local/opt/node@8/bin:/Library/TeX/texbin/:/usr/local/eosio/bin/:/usr/local/opt/python/libexec/bin:/usr/local/bin:/usr/local/sbin:/usr/local/bin:/usr/bin:/bin:/usr/sbin:/sbin:/Library/TeX/texbin:/usr/local/eosio/bin/:/Users/al/go/bin

Yarn version: 
  1.10.1

Node version: 
  8.12.0

Platform: 
  darwin x64

Trace: 
  Error: https://registry.yarnpkg.com/axiosbluebirdmongodbeosjs: Not found
      at Request.params.callback [as _callback] (/usr/local/Cellar/yarn/1.10.1/libexec/lib/cli.js:61073:18)
      at Request.self.callback (/usr/local/Cellar/yarn/1.10.1/libexec/lib/cli.js:120166:22)
      at emitTwo (events.js:126:13)
      at Request.emit (events.js:214:7)
      at Request.<anonymous> (/usr/local/Cellar/yarn/1.10.1/libexec/lib/cli.js:121138:10)
      at emitOne (events.js:116:13)
      at Request.emit (events.js:211:7)
      at IncomingMessage.<anonymous> (/usr/local/Cellar/yarn/1.10.1/libexec/lib/cli.js:121060:12)
      at Object.onceWrapper (events.js:313:30)
      at emitNone (events.js:111:20)

npm manifest: 
  {
    "name": "priveos",
    "version": "1.0.0",
    "main": "index.js",
    "repository": "git@github.com:rawrat/privEOS.git",
    "author": "Angelo Laub <angelolaub@gmail.com>",
    "license": "MIT"
  }

yarn manifest: 
  No manifest

Lockfile: 
  No lockfile
